<?xml version="1.0" encoding="UTF-8"?>
<!-- Generated by org.testng.reporters.JUnitXMLReporter -->
<testsuite hostname="Suhasa-PC" ignored="0" name="Default test" tests="3" failures="0" timestamp="01 Jul 2019 16:29:47 GMT" time="0.07" errors="0">
  <testcase name="atest3" time="0.005" classname="week5.TestNGOrder"/>
  <testcase name="btest1" time="0.003" classname="week5.TestNGOrder"/>
  <testcase name="ctest2" time="0.002" classname="week5.TestNGOrder"/>
</testsuite> <!-- Default test -->
