<?xml version="1.0" encoding="UTF-8"?>
<testng-results skipped="0" failed="0" ignored="0" total="3" passed="3">
  <reporter-output>
  </reporter-output>
  <suite name="Default suite" duration-ms="70" started-at="2019-07-01T16:29:47Z" finished-at="2019-07-01T16:29:47Z">
    <groups>
    </groups>
    <test name="Default test" duration-ms="70" started-at="2019-07-01T16:29:47Z" finished-at="2019-07-01T16:29:47Z">
      <class name="week5.TestNGOrder">
        <test-method status="PASS" signature="beforeClass()[pri:0, instance:week5.TestNGOrder@7dc7cbad]" name="beforeClass" is-config="true" duration-ms="10" started-at="2019-07-01T16:29:47Z" finished-at="2019-07-01T16:29:47Z">
          <reporter-output>
          </reporter-output>
        </test-method> <!-- beforeClass -->
        <test-method status="PASS" signature="beforeMethod()[pri:0, instance:week5.TestNGOrder@7dc7cbad]" name="beforeMethod" is-config="true" duration-ms="1" started-at="2019-07-01T16:29:47Z" finished-at="2019-07-01T16:29:47Z">
          <reporter-output>
          </reporter-output>
        </test-method> <!-- beforeMethod -->
        <test-method status="PASS" signature="atest3()[pri:0, instance:week5.TestNGOrder@7dc7cbad]" name="atest3" duration-ms="5" started-at="2019-07-01T16:29:47Z" finished-at="2019-07-01T16:29:47Z">
          <reporter-output>
          </reporter-output>
        </test-method> <!-- atest3 -->
        <test-method status="PASS" signature="afterMethod()[pri:0, instance:week5.TestNGOrder@7dc7cbad]" name="afterMethod" is-config="true" duration-ms="0" started-at="2019-07-01T16:29:47Z" finished-at="2019-07-01T16:29:47Z">
          <reporter-output>
          </reporter-output>
        </test-method> <!-- afterMethod -->
        <test-method status="PASS" signature="beforeMethod()[pri:0, instance:week5.TestNGOrder@7dc7cbad]" name="beforeMethod" is-config="true" duration-ms="1" started-at="2019-07-01T16:29:47Z" finished-at="2019-07-01T16:29:47Z">
          <reporter-output>
          </reporter-output>
        </test-method> <!-- beforeMethod -->
        <test-method status="PASS" signature="btest1()[pri:0, instance:week5.TestNGOrder@7dc7cbad]" name="btest1" duration-ms="3" started-at="2019-07-01T16:29:47Z" finished-at="2019-07-01T16:29:47Z">
          <reporter-output>
          </reporter-output>
        </test-method> <!-- btest1 -->
        <test-method status="PASS" signature="afterMethod()[pri:0, instance:week5.TestNGOrder@7dc7cbad]" name="afterMethod" is-config="true" duration-ms="0" started-at="2019-07-01T16:29:47Z" finished-at="2019-07-01T16:29:47Z">
          <reporter-output>
          </reporter-output>
        </test-method> <!-- afterMethod -->
        <test-method status="PASS" signature="beforeMethod()[pri:0, instance:week5.TestNGOrder@7dc7cbad]" name="beforeMethod" is-config="true" duration-ms="0" started-at="2019-07-01T16:29:47Z" finished-at="2019-07-01T16:29:47Z">
          <reporter-output>
          </reporter-output>
        </test-method> <!-- beforeMethod -->
        <test-method status="PASS" signature="ctest2()[pri:0, instance:week5.TestNGOrder@7dc7cbad]" name="ctest2" duration-ms="2" started-at="2019-07-01T16:29:47Z" finished-at="2019-07-01T16:29:47Z">
          <reporter-output>
          </reporter-output>
        </test-method> <!-- ctest2 -->
        <test-method status="PASS" signature="afterMethod()[pri:0, instance:week5.TestNGOrder@7dc7cbad]" name="afterMethod" is-config="true" duration-ms="1" started-at="2019-07-01T16:29:47Z" finished-at="2019-07-01T16:29:47Z">
          <reporter-output>
          </reporter-output>
        </test-method> <!-- afterMethod -->
        <test-method status="PASS" signature="afterClass()[pri:0, instance:week5.TestNGOrder@7dc7cbad]" name="afterClass" is-config="true" duration-ms="0" started-at="2019-07-01T16:29:47Z" finished-at="2019-07-01T16:29:47Z">
          <reporter-output>
          </reporter-output>
        </test-method> <!-- afterClass -->
      </class> <!-- week5.TestNGOrder -->
    </test> <!-- Default test -->
  </suite> <!-- Default suite -->
</testng-results>
